# JRE version: OpenJDK Runtime Environment (8.0_242-b01) (build 1.8.0_242-release-1644-b01)
# Java VM: OpenJDK 64-Bit Server VM (25.242-b01 mixed mode windows-amd64 compressed oops)
Heap:
 PSYoungGen      total 145920K, used 15341K [0x00000000f5580000, 0x0000000100000000, 0x0000000100000000)
  eden space 130560K, 0% used [0x00000000f5580000,0x00000000f5580000,0x00000000fd500000)
  from space 15360K, 99% used [0x00000000ff100000,0x00000000ffffb7c0,0x0000000100000000)
  to   space 22016K, 0% used [0x00000000fd500000,0x00000000fd500000,0x00000000fea80000)
 ParOldGen       total 175104K, used 24982K [0x00000000e0000000, 0x00000000eab00000, 0x00000000f5580000)
  object space 175104K, 14% used [0x00000000e0000000,0x00000000e1865a00,0x00000000eab00000)
 Metaspace       used 57117K, capacity 59022K, committed 59160K, reserved 1099776K
  class space    used 7841K, capacity 8291K, committed 8368K, reserved 1048576K
GC Heap History (10 events):
Event: 2.299 GC heap after
Heap after GC invocations=6 (full 1):
 PSYoungGen      total 141824K, used 10739K [0x00000000f5580000, 0x0000000100000000, 0x0000000100000000)
  eden space 131072K, 0% used [0x00000000f5580000,0x00000000f5580000,0x00000000fd580000)
  from space 10752K, 99% used [0x00000000fd580000,0x00000000fdffcc10,0x00000000fe000000)
  to   space 15360K, 0% used [0x00000000ff100000,0x00000000ff100000,0x0000000100000000)
 ParOldGen       total 175104K, used 9747K [0x00000000e0000000, 0x00000000eab00000, 0x00000000f5580000)
  object space 175104K, 5% used [0x00000000e0000000,0x00000000e0984dc8,0x00000000eab00000)
 Metaspace       used 32203K, capacity 32984K, committed 33072K, reserved 1077248K
  class space    used 4396K, capacity 4609K, committed 4656K, reserved 1048576K
}
Event: 2.519 GC heap before
{Heap before GC invocations=7 (full 1):
 PSYoungGen      total 141824K, used 61671K [0x00000000f5580000, 0x0000000100000000, 0x0000000100000000)
  eden space 131072K, 38% used [0x00000000f5580000,0x00000000f873d0e0,0x00000000fd580000)
  from space 10752K, 99% used [0x00000000fd580000,0x00000000fdffcc10,0x00000000fe000000)
  to   space 15360K, 0% used [0x00000000ff100000,0x00000000ff100000,0x0000000100000000)
 ParOldGen       total 175104K, used 9747K [0x00000000e0000000, 0x00000000eab00000, 0x00000000f5580000)
  object space 175104K, 5% used [0x00000000e0000000,0x00000000e0984dc8,0x00000000eab00000)
 Metaspace       used 34593K, capacity 35422K, committed 35496K, reserved 1079296K
  class space    used 4739K, capacity 4972K, committed 5040K, reserved 1048576K
Event: 2.524 GC heap after
Heap after GC invocations=7 (full 1):
 PSYoungGen      total 159744K, used 9273K [0x00000000f5580000, 0x0000000100000000, 0x0000000100000000)
  eden space 144384K, 0% used [0x00000000f5580000,0x00000000f5580000,0x00000000fe280000)
  from space 15360K, 60% used [0x00000000ff100000,0x00000000ffa0e6e8,0x0000000100000000)
  to   space 14848K, 0% used [0x00000000fe280000,0x00000000fe280000,0x00000000ff100000)
 ParOldGen       total 175104K, used 9755K [0x00000000e0000000, 0x00000000eab00000, 0x00000000f5580000)
  object space 175104K, 5% used [0x00000000e0000000,0x00000000e0986dc8,0x00000000eab00000)
 Metaspace       used 34593K, capacity 35422K, committed 35496K, reserved 1079296K
  class space    used 4739K, capacity 4972K, committed 5040K, reserved 1048576K
}
Event: 2.524 GC heap before
{Heap before GC invocations=8 (full 2):
 PSYoungGen      total 159744K, used 9273K [0x00000000f5580000, 0x0000000100000000, 0x0000000100000000)
  eden space 144384K, 0% used [0x00000000f5580000,0x00000000f5580000,0x00000000fe280000)
  from space 15360K, 60% used [0x00000000ff100000,0x00000000ffa0e6e8,0x0000000100000000)
  to   space 14848K, 0% used [0x00000000fe280000,0x00000000fe280000,0x00000000ff100000)
 ParOldGen       total 175104K, used 9755K [0x00000000e0000000, 0x00000000eab00000, 0x00000000f5580000)
  object space 175104K, 5% used [0x00000000e0000000,0x00000000e0986dc8,0x00000000eab00000)
 Metaspace       used 34593K, capacity 35422K, committed 35496K, reserved 1079296K
  class space    used 4739K, capacity 4972K, committed 5040K, reserved 1048576K
Event: 2.552 GC heap after
Heap after GC invocations=8 (full 2):
 PSYoungGen      total 159744K, used 0K [0x00000000f5580000, 0x0000000100000000, 0x0000000100000000)
  eden space 144384K, 0% used [0x00000000f5580000,0x00000000f5580000,0x00000000fe280000)
  from space 15360K, 0% used [0x00000000ff100000,0x00000000ff100000,0x0000000100000000)
  to   space 14848K, 0% used [0x00000000fe280000,0x00000000fe280000,0x00000000ff100000)
 ParOldGen       total 175104K, used 15884K [0x00000000e0000000, 0x00000000eab00000, 0x00000000f5580000)
  object space 175104K, 9% used [0x00000000e0000000,0x00000000e0f831c0,0x00000000eab00000)
 Metaspace       used 34593K, capacity 35422K, committed 35496K, reserved 1079296K
  class space    used 4739K, capacity 4972K, committed 5040K, reserved 1048576K
}
Event: 3.462 GC heap before
{Heap before GC invocations=9 (full 2):
 PSYoungGen      total 159744K, used 144384K [0x00000000f5580000, 0x0000000100000000, 0x0000000100000000)
  eden space 144384K, 100% used [0x00000000f5580000,0x00000000fe280000,0x00000000fe280000)
  from space 15360K, 0% used [0x00000000ff100000,0x00000000ff100000,0x0000000100000000)
  to   space 14848K, 0% used [0x00000000fe280000,0x00000000fe280000,0x00000000ff100000)
 ParOldGen       total 175104K, used 15884K [0x00000000e0000000, 0x00000000eab00000, 0x00000000f5580000)
  object space 175104K, 9% used [0x00000000e0000000,0x00000000e0f831c0,0x00000000eab00000)
 Metaspace       used 46654K, capacity 48066K, committed 48424K, reserved 1091584K
  class space    used 6261K, capacity 6608K, committed 6704K, reserved 1048576K
Event: 3.471 GC heap after
Heap after GC invocations=9 (full 2):
 PSYoungGen      total 159232K, used 14846K [0x00000000f5580000, 0x0000000100000000, 0x0000000100000000)
  eden space 144384K, 0% used [0x00000000f5580000,0x00000000f5580000,0x00000000fe280000)
  from space 14848K, 99% used [0x00000000fe280000,0x00000000ff0ff9f0,0x00000000ff100000)
  to   space 15360K, 0% used [0x00000000ff100000,0x00000000ff100000,0x0000000100000000)
 ParOldGen       total 175104K, used 18285K [0x00000000e0000000, 0x00000000eab00000, 0x00000000f5580000)
  object space 175104K, 10% used [0x00000000e0000000,0x00000000e11db670,0x00000000eab00000)
 Metaspace       used 46654K, capacity 48066K, committed 48424K, reserved 1091584K
  class space    used 6261K, capacity 6608K, committed 6704K, reserved 1048576K
}
Event: 4.293 GC heap before
{Heap before GC invocations=10 (full 2):
 PSYoungGen      total 159232K, used 135626K [0x00000000f5580000, 0x0000000100000000, 0x0000000100000000)
  eden space 144384K, 83% used [0x00000000f5580000,0x00000000fcb730a0,0x00000000fe280000)
  from space 14848K, 99% used [0x00000000fe280000,0x00000000ff0ff9f0,0x00000000ff100000)
  to   space 15360K, 0% used [0x00000000ff100000,0x00000000ff100000,0x0000000100000000)
 ParOldGen       total 175104K, used 18285K [0x00000000e0000000, 0x00000000eab00000, 0x00000000f5580000)
  object space 175104K, 10% used [0x00000000e0000000,0x00000000e11db670,0x00000000eab00000)
 Metaspace       used 57117K, capacity 59022K, committed 59160K, reserved 1099776K
  class space    used 7841K, capacity 8291K, committed 8368K, reserved 1048576K
Event: 4.305 GC heap after
Heap after GC invocations=10 (full 2):
 PSYoungGen      total 145920K, used 15341K [0x00000000f5580000, 0x0000000100000000, 0x0000000100000000)
  eden space 130560K, 0% used [0x00000000f5580000,0x00000000f5580000,0x00000000fd500000)
  from space 15360K, 99% used [0x00000000ff100000,0x00000000ffffb7c0,0x0000000100000000)
  to   space 22016K, 0% used [0x00000000fd500000,0x00000000fd500000,0x00000000fea80000)
 ParOldGen       total 175104K, used 24982K [0x00000000e0000000, 0x00000000eab00000, 0x00000000f5580000)
  object space 175104K, 14% used [0x00000000e0000000,0x00000000e1865a00,0x00000000eab00000)
 Metaspace       used 57117K, capacity 59022K, committed 59160K, reserved 1099776K
  class space    used 7841K, capacity 8291K, committed 8368K, reserved 1048576K
}
Event: 4.305 GC heap before
{Heap before GC invocations=11 (full 3):
 PSYoungGen      total 145920K, used 15341K [0x00000000f5580000, 0x0000000100000000, 0x0000000100000000)
  eden space 130560K, 0% used [0x00000000f5580000,0x00000000f5580000,0x00000000fd500000)
  from space 15360K, 99% used [0x00000000ff100000,0x00000000ffffb7c0,0x0000000100000000)
  to   space 22016K, 0% used [0x00000000fd500000,0x00000000fd500000,0x00000000fea80000)
 ParOldGen       total 175104K, used 24982K [0x00000000e0000000, 0x00000000eab00000, 0x00000000f5580000)
  object space 175104K, 14% used [0x00000000e0000000,0x00000000e1865a00,0x00000000eab00000)
 Metaspace       used 57117K, capacity 59022K, committed 59160K, reserved 1099776K
  class space    used 7841K, capacity 8291K, committed 8368K, reserved 1048576K

