# JRE version: OpenJDK Runtime Environment (8.0_242-b01) (build 1.8.0_242-release-1644-b01)
# Java VM: OpenJDK 64-Bit Server VM (25.242-b01 mixed mode windows-amd64 compressed oops)
Heap:
 PSYoungGen      total 145920K, used 15340K [0x00000000f5580000, 0x0000000100000000, 0x0000000100000000)
  eden space 130560K, 0% used [0x00000000f5580000,0x00000000f5580000,0x00000000fd500000)
  from space 15360K, 99% used [0x00000000ff100000,0x00000000ffffb330,0x0000000100000000)
  to   space 22016K, 0% used [0x00000000fd500000,0x00000000fd500000,0x00000000fea80000)
 ParOldGen       total 175104K, used 25598K [0x00000000e0000000, 0x00000000eab00000, 0x00000000f5580000)
  object space 175104K, 14% used [0x00000000e0000000,0x00000000e18ff930,0x00000000eab00000)
 Metaspace       used 56943K, capacity 59034K, committed 59160K, reserved 1099776K
  class space    used 7788K, capacity 8279K, committed 8360K, reserved 1048576K
GC Heap History (10 events):
Event: 2.368 GC heap after
Heap after GC invocations=6 (full 1):
 PSYoungGen      total 141824K, used 10747K [0x00000000f5580000, 0x0000000100000000, 0x0000000100000000)
  eden space 131072K, 0% used [0x00000000f5580000,0x00000000f5580000,0x00000000fd580000)
  from space 10752K, 99% used [0x00000000fd580000,0x00000000fdffec80,0x00000000fe000000)
  to   space 15360K, 0% used [0x00000000ff100000,0x00000000ff100000,0x0000000100000000)
 ParOldGen       total 175104K, used 9992K [0x00000000e0000000, 0x00000000eab00000, 0x00000000f5580000)
  object space 175104K, 5% used [0x00000000e0000000,0x00000000e09c2168,0x00000000eab00000)
 Metaspace       used 32215K, capacity 33194K, committed 33456K, reserved 1077248K
  class space    used 4373K, capacity 4666K, committed 4784K, reserved 1048576K
}
Event: 2.585 GC heap before
{Heap before GC invocations=7 (full 1):
 PSYoungGen      total 141824K, used 54443K [0x00000000f5580000, 0x0000000100000000, 0x0000000100000000)
  eden space 131072K, 33% used [0x00000000f5580000,0x00000000f802c0d0,0x00000000fd580000)
  from space 10752K, 99% used [0x00000000fd580000,0x00000000fdffec80,0x00000000fe000000)
  to   space 15360K, 0% used [0x00000000ff100000,0x00000000ff100000,0x0000000100000000)
 ParOldGen       total 175104K, used 9992K [0x00000000e0000000, 0x00000000eab00000, 0x00000000f5580000)
  object space 175104K, 5% used [0x00000000e0000000,0x00000000e09c2168,0x00000000eab00000)
 Metaspace       used 34483K, capacity 35426K, committed 35496K, reserved 1079296K
  class space    used 4697K, capacity 4976K, committed 5032K, reserved 1048576K
Event: 2.591 GC heap after
Heap after GC invocations=7 (full 1):
 PSYoungGen      total 159744K, used 9735K [0x00000000f5580000, 0x0000000100000000, 0x0000000100000000)
  eden space 144384K, 0% used [0x00000000f5580000,0x00000000f5580000,0x00000000fe280000)
  from space 15360K, 63% used [0x00000000ff100000,0x00000000ffa81d40,0x0000000100000000)
  to   space 14848K, 0% used [0x00000000fe280000,0x00000000fe280000,0x00000000ff100000)
 ParOldGen       total 175104K, used 10000K [0x00000000e0000000, 0x00000000eab00000, 0x00000000f5580000)
  object space 175104K, 5% used [0x00000000e0000000,0x00000000e09c4168,0x00000000eab00000)
 Metaspace       used 34483K, capacity 35426K, committed 35496K, reserved 1079296K
  class space    used 4697K, capacity 4976K, committed 5032K, reserved 1048576K
}
Event: 2.591 GC heap before
{Heap before GC invocations=8 (full 2):
 PSYoungGen      total 159744K, used 9735K [0x00000000f5580000, 0x0000000100000000, 0x0000000100000000)
  eden space 144384K, 0% used [0x00000000f5580000,0x00000000f5580000,0x00000000fe280000)
  from space 15360K, 63% used [0x00000000ff100000,0x00000000ffa81d40,0x0000000100000000)
  to   space 14848K, 0% used [0x00000000fe280000,0x00000000fe280000,0x00000000ff100000)
 ParOldGen       total 175104K, used 10000K [0x00000000e0000000, 0x00000000eab00000, 0x00000000f5580000)
  object space 175104K, 5% used [0x00000000e0000000,0x00000000e09c4168,0x00000000eab00000)
 Metaspace       used 34483K, capacity 35426K, committed 35496K, reserved 1079296K
  class space    used 4697K, capacity 4976K, committed 5032K, reserved 1048576K
Event: 2.627 GC heap after
Heap after GC invocations=8 (full 2):
 PSYoungGen      total 159744K, used 0K [0x00000000f5580000, 0x0000000100000000, 0x0000000100000000)
  eden space 144384K, 0% used [0x00000000f5580000,0x00000000f5580000,0x00000000fe280000)
  from space 15360K, 0% used [0x00000000ff100000,0x00000000ff100000,0x0000000100000000)
  to   space 14848K, 0% used [0x00000000fe280000,0x00000000fe280000,0x00000000ff100000)
 ParOldGen       total 175104K, used 16794K [0x00000000e0000000, 0x00000000eab00000, 0x00000000f5580000)
  object space 175104K, 9% used [0x00000000e0000000,0x00000000e10668c0,0x00000000eab00000)
 Metaspace       used 34483K, capacity 35426K, committed 35496K, reserved 1079296K
  class space    used 4697K, capacity 4976K, committed 5032K, reserved 1048576K
}
Event: 3.457 GC heap before
{Heap before GC invocations=9 (full 2):
 PSYoungGen      total 159744K, used 144384K [0x00000000f5580000, 0x0000000100000000, 0x0000000100000000)
  eden space 144384K, 100% used [0x00000000f5580000,0x00000000fe280000,0x00000000fe280000)
  from space 15360K, 0% used [0x00000000ff100000,0x00000000ff100000,0x0000000100000000)
  to   space 14848K, 0% used [0x00000000fe280000,0x00000000fe280000,0x00000000ff100000)
 ParOldGen       total 175104K, used 16794K [0x00000000e0000000, 0x00000000eab00000, 0x00000000f5580000)
  object space 175104K, 9% used [0x00000000e0000000,0x00000000e10668c0,0x00000000eab00000)
 Metaspace       used 45029K, capacity 46542K, committed 46760K, reserved 1089536K
  class space    used 6100K, capacity 6473K, committed 6568K, reserved 1048576K
Event: 3.466 GC heap after
Heap after GC invocations=9 (full 2):
 PSYoungGen      total 159232K, used 14818K [0x00000000f5580000, 0x0000000100000000, 0x0000000100000000)
  eden space 144384K, 0% used [0x00000000f5580000,0x00000000f5580000,0x00000000fe280000)
  from space 14848K, 99% used [0x00000000fe280000,0x00000000ff0f8a20,0x00000000ff100000)
  to   space 15360K, 0% used [0x00000000ff100000,0x00000000ff100000,0x0000000100000000)
 ParOldGen       total 175104K, used 17884K [0x00000000e0000000, 0x00000000eab00000, 0x00000000f5580000)
  object space 175104K, 10% used [0x00000000e0000000,0x00000000e1177138,0x00000000eab00000)
 Metaspace       used 45029K, capacity 46542K, committed 46760K, reserved 1089536K
  class space    used 6100K, capacity 6473K, committed 6568K, reserved 1048576K
}
Event: 4.410 GC heap before
{Heap before GC invocations=10 (full 2):
 PSYoungGen      total 159232K, used 159202K [0x00000000f5580000, 0x0000000100000000, 0x0000000100000000)
  eden space 144384K, 100% used [0x00000000f5580000,0x00000000fe280000,0x00000000fe280000)
  from space 14848K, 99% used [0x00000000fe280000,0x00000000ff0f8a20,0x00000000ff100000)
  to   space 15360K, 0% used [0x00000000ff100000,0x00000000ff100000,0x0000000100000000)
 ParOldGen       total 175104K, used 17884K [0x00000000e0000000, 0x00000000eab00000, 0x00000000f5580000)
  object space 175104K, 10% used [0x00000000e0000000,0x00000000e1177138,0x00000000eab00000)
 Metaspace       used 56943K, capacity 59034K, committed 59160K, reserved 1099776K
  class space    used 7788K, capacity 8279K, committed 8360K, reserved 1048576K
Event: 4.421 GC heap after
Heap after GC invocations=10 (full 2):
 PSYoungGen      total 145920K, used 15340K [0x00000000f5580000, 0x0000000100000000, 0x0000000100000000)
  eden space 130560K, 0% used [0x00000000f5580000,0x00000000f5580000,0x00000000fd500000)
  from space 15360K, 99% used [0x00000000ff100000,0x00000000ffffb330,0x0000000100000000)
  to   space 22016K, 0% used [0x00000000fd500000,0x00000000fd500000,0x00000000fea80000)
 ParOldGen       total 175104K, used 25598K [0x00000000e0000000, 0x00000000eab00000, 0x00000000f5580000)
  object space 175104K, 14% used [0x00000000e0000000,0x00000000e18ff930,0x00000000eab00000)
 Metaspace       used 56943K, capacity 59034K, committed 59160K, reserved 1099776K
  class space    used 7788K, capacity 8279K, committed 8360K, reserved 1048576K
}
Event: 4.421 GC heap before
{Heap before GC invocations=11 (full 3):
 PSYoungGen      total 145920K, used 15340K [0x00000000f5580000, 0x0000000100000000, 0x0000000100000000)
  eden space 130560K, 0% used [0x00000000f5580000,0x00000000f5580000,0x00000000fd500000)
  from space 15360K, 99% used [0x00000000ff100000,0x00000000ffffb330,0x0000000100000000)
  to   space 22016K, 0% used [0x00000000fd500000,0x00000000fd500000,0x00000000fea80000)
 ParOldGen       total 175104K, used 25598K [0x00000000e0000000, 0x00000000eab00000, 0x00000000f5580000)
  object space 175104K, 14% used [0x00000000e0000000,0x00000000e18ff930,0x00000000eab00000)
 Metaspace       used 56943K, capacity 59034K, committed 59160K, reserved 1099776K
  class space    used 7788K, capacity 8279K, committed 8360K, reserved 1048576K

